<?xml version="1.0" encoding="UTF-8"?>
<testng-results ignored="0" total="1" passed="1" failed="0" skipped="0">
  <reporter-output>
  </reporter-output>
  <suite started-at="2022-03-23T00:20:31Z" name="Suite1" finished-at="2022-03-23T00:20:38Z" duration-ms="6240">
    <groups>
      <group name="cucumber">
        <method signature="AbstractTestNGCucumberTests.feature(cucumber.api.testng.CucumberFeatureWrapper)[pri:0, instance:com.careerhack.runners.TestRunner@1bae316d]" name="feature" class="cucumber.api.testng.AbstractTestNGCucumberTests"/>
      </group> <!-- cucumber -->
    </groups>
    <test started-at="2022-03-23T00:20:31Z" name="Nopackage" finished-at="2022-03-23T00:20:38Z" duration-ms="6240">
      <class name="com.careerhack.runners.TestRunner">
        <test-method is-config="true" signature="setUpClass()[pri:0, instance:com.careerhack.runners.TestRunner@1bae316d]" started-at="2022-03-23T00:20:31Z" name="setUpClass" finished-at="2022-03-23T00:20:32Z" duration-ms="221" status="PASS">
          <reporter-output>
          </reporter-output>
        </test-method> <!-- setUpClass -->
        <test-method signature="feature(cucumber.api.testng.CucumberFeatureWrapper)[pri:0, instance:com.careerhack.runners.TestRunner@1bae316d]" started-at="2022-03-23T00:20:32Z" name="feature" description="Runs Cucumber Feature" data-provider="features" finished-at="2022-03-23T00:20:38Z" duration-ms="5912" status="PASS">
          <params>
            <param index="0">
              <value>
                <![CDATA[performe a google search]]>
              </value>
            </param>
          </params>
          <reporter-output>
          </reporter-output>
        </test-method> <!-- feature -->
        <test-method is-config="true" signature="tearDownClass()[pri:0, instance:com.careerhack.runners.TestRunner@1bae316d]" started-at="2022-03-23T00:20:38Z" name="tearDownClass" finished-at="2022-03-23T00:20:38Z" duration-ms="23" status="PASS">
          <reporter-output>
          </reporter-output>
        </test-method> <!-- tearDownClass -->
      </class> <!-- com.careerhack.runners.TestRunner -->
    </test> <!-- Nopackage -->
  </suite> <!-- Suite1 -->
</testng-results>
